
[\XEEN.RAW]
DARK.PAL
EG250001.PAL
ENDGAME.PAL
FIREMAIN.PAL
FLY.PAL
INTRO.PAL
INTRO1.PAL
MIRROR.PAL
MM4.PAL
MM4E.PAL
SKYMAIN.PAL
WHITE.PAL
1ROOM.RAW
2ROOM.RAW
3ROOM.RAW
BALL.RAW
BIRD.RAW
BLANK.RAW
CREATE.RAW
DROP.RAW
EG100001.RAW
EG140001.RAW
EG23PRT2.RAW
EG250001.RAW
EG270001.RAW
EG280001.RAW
END.RAW
FIREMAIN.RAW
FLY.RAW
FOURA.RAW
JVC.RAW
LATER.RAW
LOGOBAK.RAW
MAINBACK.RAW
MARB.RAW
MIROR-S.RAW
NWC1.RAW
NWC2.RAW
PYRAMID1.RAW
PYRAMID2.RAW
PYRAMID3.RAW
SC050001.RAW
SC070001.RAW
SC170001.RAW
SC180001.RAW
SC190001.RAW
SC230001.RAW
SC250001.RAW
SC260001.RAW
SC270001.RAW
SC290001.RAW
SCENE1.RAW
SCENE12.RAW
SCENE2-B.RAW
SCENE4-1.RAW
SCENE4.RAW
SKYMAIN.RAW
TABLMAIN.RAW
THRONE1.RAW
THRONE2.RAW
TITLE2B.RAW
TWRSKY1.RAW
WORLD.RAW
BACK.RAW

[\TERRA.RAW]
MM3.PAL
BACK.RAW
COMPUTER.RAW
CONTROL.RAW
CREATE.RAW
FRONT.RAW
HUD.RAW
INH.RAW
OUTH.RAW
STARS.RAW
TAKE.RAW
TOPSEA.RAW
